L 07/08/2024 - 14:23:39: SourceMod log file session started (file "e:\1\counter-strike global offensive\csgo\addons\sourcemod\logs\L20240708.log") (Version "1.11.0.6968")
L 07/08/2024 - 14:23:39: [GEOIP] GeoIP2 database loaded: GeoLite2-City (2019-12-17 20:01:26 UTC) (e:\1\counter-strike global offensive\csgo\addons\sourcemod\configs\geoip\GeoLite2-City.mmdb)
L 07/08/2024 - 14:23:39: [GEOIP] GeoIP2 supported languages: de en es fr ja pt-BR ru zh-CN
L 07/08/2024 - 14:23:39: [GEOIP] Your database is older than 90 days. You should consider downloading a newer version from e.g. https://dev.maxmind.com/geoip/geolite2-free-geolocation-data
L 07/08/2024 - 14:24:13: [navmesh.smx] Found .NAV file in maps\de_anubis.nav
L 07/08/2024 - 14:24:13: [navmesh.smx] Is mesh analyzed: 1
L 07/08/2024 - 14:24:13: [navmesh.smx] Nav version: 16; SubVersion: 1 (v10+); BSPSize: 330006748; MagicNumber: -17958194
L 07/08/2024 - 14:24:13: [navmesh.smx] Place count: 28
L 07/08/2024 - 14:24:13: [navmesh.smx] Has unnamed areas: true
L 07/08/2024 - 14:24:13: [navmesh.smx] Area count: 1583
L 07/08/2024 - 14:24:13: [navmesh.smx] Parsed 1583 areas in 0.042309 seconds.
L 07/08/2024 - 14:24:13: [navmesh.smx] Ladder count: 0
L 07/08/2024 - 14:24:14: [basecommands.smx] "Console<0><Console><Console>" changed cvar (cvar "bot_eco_limit") (value "3000")
L 07/08/2024 - 14:24:14: [basecommands.smx] "Console<0><Console><Console>" changed cvar (cvar "bot_chatter_use_rr") (value "0")
L 07/08/2024 - 14:24:14: [basecommands.smx] "Console<0><Console><Console>" changed cvar (cvar "bot_controllable") (value "0")
L 07/08/2024 - 14:29:48: Log file closed.
L 07/08/2024 - 14:40:15: SourceMod log file session started (file "e:\1\counter-strike global offensive\csgo\addons\sourcemod\logs\L20240708.log") (Version "1.11.0.6968")
L 07/08/2024 - 14:40:15: [GEOIP] GeoIP2 database loaded: GeoLite2-City (2019-12-17 20:01:26 UTC) (e:\1\counter-strike global offensive\csgo\addons\sourcemod\configs\geoip\GeoLite2-City.mmdb)
L 07/08/2024 - 14:40:15: [GEOIP] GeoIP2 supported languages: de en es fr ja pt-BR ru zh-CN
L 07/08/2024 - 14:40:15: [GEOIP] Your database is older than 90 days. You should consider downloading a newer version from e.g. https://dev.maxmind.com/geoip/geolite2-free-geolocation-data
L 07/08/2024 - 14:40:48: [navmesh.smx] Found .NAV file in maps\de_mirage.nav
L 07/08/2024 - 14:40:48: [navmesh.smx] Is mesh analyzed: 1
L 07/08/2024 - 14:40:48: [navmesh.smx] Nav version: 16; SubVersion: 1 (v10+); BSPSize: 62825348; MagicNumber: -17958194
L 07/08/2024 - 14:40:48: [navmesh.smx] Place count: 23
L 07/08/2024 - 14:40:48: [navmesh.smx] Has unnamed areas: true
L 07/08/2024 - 14:40:48: [navmesh.smx] Area count: 829
L 07/08/2024 - 14:40:48: [navmesh.smx] Parsed 829 areas in 0.017408 seconds.
L 07/08/2024 - 14:40:48: [navmesh.smx] Ladder count: 2
L 07/08/2024 - 14:40:48: [navmesh.smx] Parsed 2 ladders in 0.000089 seconds.
L 07/08/2024 - 14:40:48: [basecommands.smx] "Console<0><Console><Console>" changed cvar (cvar "bot_eco_limit") (value "3000")
L 07/08/2024 - 14:40:48: [basecommands.smx] "Console<0><Console><Console>" changed cvar (cvar "bot_chatter_use_rr") (value "0")
L 07/08/2024 - 14:40:48: [basecommands.smx] "Console<0><Console><Console>" changed cvar (cvar "bot_controllable") (value "0")
L 07/08/2024 - 14:43:32: Log file closed.
L 07/08/2024 - 14:48:16: SourceMod log file session started (file "e:\1\counter-strike global offensive\csgo\addons\sourcemod\logs\L20240708.log") (Version "1.11.0.6968")
L 07/08/2024 - 14:48:16: [GEOIP] GeoIP2 database loaded: GeoLite2-City (2019-12-17 20:01:26 UTC) (e:\1\counter-strike global offensive\csgo\addons\sourcemod\configs\geoip\GeoLite2-City.mmdb)
L 07/08/2024 - 14:48:16: [GEOIP] GeoIP2 supported languages: de en es fr ja pt-BR ru zh-CN
L 07/08/2024 - 14:48:16: [GEOIP] Your database is older than 90 days. You should consider downloading a newer version from e.g. https://dev.maxmind.com/geoip/geolite2-free-geolocation-data
L 07/08/2024 - 14:48:48: [navmesh.smx] Found .NAV file in maps\de_inferno.nav
L 07/08/2024 - 14:48:48: [navmesh.smx] Is mesh analyzed: 1
L 07/08/2024 - 14:48:48: [navmesh.smx] Nav version: 16; SubVersion: 1 (v10+); BSPSize: 102224848; MagicNumber: -17958194
L 07/08/2024 - 14:48:48: [navmesh.smx] Place count: 24
L 07/08/2024 - 14:48:48: [navmesh.smx] Has unnamed areas: true
L 07/08/2024 - 14:48:48: [navmesh.smx] Area count: 845
L 07/08/2024 - 14:48:48: [navmesh.smx] Parsed 845 areas in 0.018319 seconds.
L 07/08/2024 - 14:48:48: [navmesh.smx] Ladder count: 0
L 07/08/2024 - 14:48:48: [basecommands.smx] "Console<0><Console><Console>" changed cvar (cvar "bot_eco_limit") (value "3000")
L 07/08/2024 - 14:48:48: [basecommands.smx] "Console<0><Console><Console>" changed cvar (cvar "bot_chatter_use_rr") (value "0")
L 07/08/2024 - 14:48:48: [basecommands.smx] "Console<0><Console><Console>" changed cvar (cvar "bot_controllable") (value "0")
L 07/08/2024 - 15:06:59: [randomcycle.smx] RandomCycle has chosen de_bank for the nextmap.
L 07/08/2024 - 15:07:59: -------- Mapchange to de_dust2 --------
L 07/08/2024 - 15:08:09: [navmesh.smx] Found .NAV file in maps\de_dust2.nav
L 07/08/2024 - 15:08:09: [navmesh.smx] Is mesh analyzed: 1
L 07/08/2024 - 15:08:09: [navmesh.smx] Nav version: 16; SubVersion: 1 (v10+); BSPSize: 326269520; MagicNumber: -17958194
L 07/08/2024 - 15:08:09: [navmesh.smx] Place count: 26
L 07/08/2024 - 15:08:09: [navmesh.smx] Has unnamed areas: true
L 07/08/2024 - 15:08:09: [navmesh.smx] Area count: 716
L 07/08/2024 - 15:08:09: [navmesh.smx] Parsed 716 areas in 0.076773 seconds.
L 07/08/2024 - 15:08:09: [navmesh.smx] Ladder count: 0
L 07/08/2024 - 15:08:10: [basecommands.smx] "Console<0><Console><Console>" changed cvar (cvar "bot_eco_limit") (value "3000")
L 07/08/2024 - 15:08:10: [basecommands.smx] "Console<0><Console><Console>" changed cvar (cvar "bot_chatter_use_rr") (value "0")
L 07/08/2024 - 15:08:10: [basecommands.smx] "Console<0><Console><Console>" changed cvar (cvar "bot_controllable") (value "0")
L 07/08/2024 - 15:13:58: -------- Mapchange to de_dust2 --------
L 07/08/2024 - 15:14:08: [navmesh.smx] Found .NAV file in maps\de_dust2.nav
L 07/08/2024 - 15:14:08: [navmesh.smx] Is mesh analyzed: 1
L 07/08/2024 - 15:14:08: [navmesh.smx] Nav version: 16; SubVersion: 1 (v10+); BSPSize: 326269520; MagicNumber: -17958194
L 07/08/2024 - 15:14:08: [navmesh.smx] Place count: 26
L 07/08/2024 - 15:14:08: [navmesh.smx] Has unnamed areas: true
L 07/08/2024 - 15:14:08: [navmesh.smx] Area count: 716
L 07/08/2024 - 15:14:08: [navmesh.smx] Parsed 716 areas in 0.080124 seconds.
L 07/08/2024 - 15:14:08: [navmesh.smx] Ladder count: 0
L 07/08/2024 - 15:14:08: [basecommands.smx] "Console<0><Console><Console>" changed cvar (cvar "bot_eco_limit") (value "3000")
L 07/08/2024 - 15:14:08: [basecommands.smx] "Console<0><Console><Console>" changed cvar (cvar "bot_chatter_use_rr") (value "0")
L 07/08/2024 - 15:14:08: [basecommands.smx] "Console<0><Console><Console>" changed cvar (cvar "bot_controllable") (value "0")
L 07/08/2024 - 15:18:13: -------- Mapchange to de_dust2 --------
L 07/08/2024 - 15:18:18: [navmesh.smx] Found .NAV file in maps\de_dust2.nav
L 07/08/2024 - 15:18:18: [navmesh.smx] Is mesh analyzed: 1
L 07/08/2024 - 15:18:18: [navmesh.smx] Nav version: 16; SubVersion: 1 (v10+); BSPSize: 326269520; MagicNumber: -17958194
L 07/08/2024 - 15:18:18: [navmesh.smx] Place count: 26
L 07/08/2024 - 15:18:18: [navmesh.smx] Has unnamed areas: true
L 07/08/2024 - 15:18:18: [navmesh.smx] Area count: 716
L 07/08/2024 - 15:18:18: [navmesh.smx] Parsed 716 areas in 0.018382 seconds.
L 07/08/2024 - 15:18:18: [navmesh.smx] Ladder count: 0
L 07/08/2024 - 15:18:18: [basecommands.smx] "Console<0><Console><Console>" changed cvar (cvar "bot_eco_limit") (value "3000")
L 07/08/2024 - 15:18:18: [basecommands.smx] "Console<0><Console><Console>" changed cvar (cvar "bot_chatter_use_rr") (value "0")
L 07/08/2024 - 15:18:18: [basecommands.smx] "Console<0><Console><Console>" changed cvar (cvar "bot_controllable") (value "0")
L 07/08/2024 - 15:29:41: [funvotes.smx] "松珩qwq<2><STEAM_1:0:176576928><>" initiated an alltalk vote.
L 07/08/2024 - 15:29:52: [funvotes.smx] Changing alltalk to 1 due to vote.
L 07/08/2024 - 15:33:36: [basevotes.smx] "松珩qwq<2><STEAM_1:0:176576928><>" initiated a map vote for de_nuke.
L 07/08/2024 - 15:33:43: [basevotes.smx] Changing map to de_nuke due to vote.
L 07/08/2024 - 15:33:48: [SM] Changed map to "de_nuke"
L 07/08/2024 - 15:34:59: -------- Mapchange to de_nuke --------
L 07/08/2024 - 15:35:08: [navmesh.smx] Found .NAV file in maps\de_nuke.nav
L 07/08/2024 - 15:35:08: [navmesh.smx] Is mesh analyzed: 1
L 07/08/2024 - 15:35:08: [navmesh.smx] Nav version: 16; SubVersion: 1 (v10+); BSPSize: 281355960; MagicNumber: -17958194
L 07/08/2024 - 15:35:08: [navmesh.smx] Place count: 27
L 07/08/2024 - 15:35:08: [navmesh.smx] Has unnamed areas: true
L 07/08/2024 - 15:35:08: [navmesh.smx] Area count: 797
L 07/08/2024 - 15:35:09: [navmesh.smx] Parsed 797 areas in 0.058323 seconds.
L 07/08/2024 - 15:35:09: [navmesh.smx] Ladder count: 6
L 07/08/2024 - 15:35:09: [navmesh.smx] Parsed 6 ladders in 0.056235 seconds.
L 07/08/2024 - 15:35:10: [basecommands.smx] "Console<0><Console><Console>" changed cvar (cvar "bot_eco_limit") (value "3000")
L 07/08/2024 - 15:35:10: [basecommands.smx] "Console<0><Console><Console>" changed cvar (cvar "bot_chatter_use_rr") (value "0")
L 07/08/2024 - 15:35:10: [basecommands.smx] "Console<0><Console><Console>" changed cvar (cvar "bot_controllable") (value "0")
L 07/08/2024 - 15:39:36: [funvotes.smx] "松珩qwq<2><STEAM_1:0:176576928><>" initiated a gravity vote.
L 07/08/2024 - 15:39:46: [funvotes.smx] Changing gravity to 200 due to vote.
L 07/08/2024 - 15:46:09: Log file closed.
L 07/08/2024 - 15:58:28: SourceMod log file session started (file "e:\1\counter-strike global offensive\csgo\addons\sourcemod\logs\L20240708.log") (Version "1.11.0.6968")
L 07/08/2024 - 15:58:28: [GEOIP] GeoIP2 database loaded: GeoLite2-City (2019-12-17 20:01:26 UTC) (e:\1\counter-strike global offensive\csgo\addons\sourcemod\configs\geoip\GeoLite2-City.mmdb)
L 07/08/2024 - 15:58:28: [GEOIP] GeoIP2 supported languages: de en es fr ja pt-BR ru zh-CN
L 07/08/2024 - 15:58:28: [GEOIP] Your database is older than 90 days. You should consider downloading a newer version from e.g. https://dev.maxmind.com/geoip/geolite2-free-geolocation-data
L 07/08/2024 - 15:58:59: [navmesh.smx] Found .NAV file in maps\de_dust2.nav
L 07/08/2024 - 15:58:59: [navmesh.smx] Is mesh analyzed: 1
L 07/08/2024 - 15:58:59: [navmesh.smx] Nav version: 16; SubVersion: 1 (v10+); BSPSize: 326269520; MagicNumber: -17958194
L 07/08/2024 - 15:58:59: [navmesh.smx] Place count: 26
L 07/08/2024 - 15:58:59: [navmesh.smx] Has unnamed areas: true
L 07/08/2024 - 15:58:59: [navmesh.smx] Area count: 716
L 07/08/2024 - 15:58:59: [navmesh.smx] Parsed 716 areas in 0.021436 seconds.
L 07/08/2024 - 15:58:59: [navmesh.smx] Ladder count: 0
L 07/08/2024 - 15:58:59: [basecommands.smx] "Console<0><Console><Console>" changed cvar (cvar "bot_eco_limit") (value "3000")
L 07/08/2024 - 15:58:59: [basecommands.smx] "Console<0><Console><Console>" changed cvar (cvar "bot_chatter_use_rr") (value "0")
L 07/08/2024 - 15:58:59: [basecommands.smx] "Console<0><Console><Console>" changed cvar (cvar "bot_controllable") (value "0")
L 07/08/2024 - 16:21:40: [randomcycle.smx] RandomCycle has chosen cs_italy for the nextmap.
L 07/08/2024 - 16:21:46: Log file closed.
L 07/08/2024 - 16:49:26: SourceMod log file session started (file "e:\1\counter-strike global offensive\csgo\addons\sourcemod\logs\L20240708.log") (Version "1.11.0.6968")
L 07/08/2024 - 16:49:26: [GEOIP] GeoIP2 database loaded: GeoLite2-City (2019-12-17 20:01:26 UTC) (e:\1\counter-strike global offensive\csgo\addons\sourcemod\configs\geoip\GeoLite2-City.mmdb)
L 07/08/2024 - 16:49:26: [GEOIP] GeoIP2 supported languages: de en es fr ja pt-BR ru zh-CN
L 07/08/2024 - 16:49:26: [GEOIP] Your database is older than 90 days. You should consider downloading a newer version from e.g. https://dev.maxmind.com/geoip/geolite2-free-geolocation-data
L 07/08/2024 - 16:50:03: [navmesh.smx] Found .NAV file in maps\de_dust2.nav
L 07/08/2024 - 16:50:03: [navmesh.smx] Is mesh analyzed: 1
L 07/08/2024 - 16:50:03: [navmesh.smx] Nav version: 16; SubVersion: 1 (v10+); BSPSize: 326269520; MagicNumber: -17958194
L 07/08/2024 - 16:50:03: [navmesh.smx] Place count: 26
L 07/08/2024 - 16:50:03: [navmesh.smx] Has unnamed areas: true
L 07/08/2024 - 16:50:03: [navmesh.smx] Area count: 716
L 07/08/2024 - 16:50:03: [navmesh.smx] Parsed 716 areas in 0.021783 seconds.
L 07/08/2024 - 16:50:03: [navmesh.smx] Ladder count: 0
L 07/08/2024 - 16:50:03: [basecommands.smx] "Console<0><Console><Console>" changed cvar (cvar "bot_eco_limit") (value "3000")
L 07/08/2024 - 16:50:03: [basecommands.smx] "Console<0><Console><Console>" changed cvar (cvar "bot_chatter_use_rr") (value "0")
L 07/08/2024 - 16:50:03: [basecommands.smx] "Console<0><Console><Console>" changed cvar (cvar "bot_controllable") (value "0")
L 07/08/2024 - 16:54:20: [basecommands.smx] "松珩qwq<2><STEAM_1:0:176576928><>" refreshed the admin cache.
L 07/08/2024 - 16:57:02: -------- Mapchange to de_dust2 --------
L 07/08/2024 - 16:57:15: [navmesh.smx] Found .NAV file in maps\de_dust2.nav
L 07/08/2024 - 16:57:15: [navmesh.smx] Is mesh analyzed: 1
L 07/08/2024 - 16:57:15: [navmesh.smx] Nav version: 16; SubVersion: 1 (v10+); BSPSize: 326269520; MagicNumber: -17958194
L 07/08/2024 - 16:57:15: [navmesh.smx] Place count: 26
L 07/08/2024 - 16:57:15: [navmesh.smx] Has unnamed areas: true
L 07/08/2024 - 16:57:15: [navmesh.smx] Area count: 716
L 07/08/2024 - 16:57:16: [navmesh.smx] Parsed 716 areas in 0.039237 seconds.
L 07/08/2024 - 16:57:16: [navmesh.smx] Ladder count: 0
L 07/08/2024 - 16:57:18: [basecommands.smx] "Console<0><Console><Console>" changed cvar (cvar "bot_eco_limit") (value "3000")
L 07/08/2024 - 16:57:18: [basecommands.smx] "Console<0><Console><Console>" changed cvar (cvar "bot_chatter_use_rr") (value "0")
L 07/08/2024 - 16:57:18: [basecommands.smx] "Console<0><Console><Console>" changed cvar (cvar "bot_controllable") (value "0")
L 07/08/2024 - 16:58:52: Log file closed.
L 07/08/2024 - 17:01:28: SourceMod log file session started (file "e:\1\counter-strike global offensive\csgo\addons\sourcemod\logs\L20240708.log") (Version "1.11.0.6968")
L 07/08/2024 - 17:01:28: [GEOIP] GeoIP2 database loaded: GeoLite2-City (2019-12-17 20:01:26 UTC) (e:\1\counter-strike global offensive\csgo\addons\sourcemod\configs\geoip\GeoLite2-City.mmdb)
L 07/08/2024 - 17:01:28: [GEOIP] GeoIP2 supported languages: de en es fr ja pt-BR ru zh-CN
L 07/08/2024 - 17:01:28: [GEOIP] Your database is older than 90 days. You should consider downloading a newer version from e.g. https://dev.maxmind.com/geoip/geolite2-free-geolocation-data
L 07/08/2024 - 17:02:01: [navmesh.smx] Found .NAV file in maps\de_dust2.nav
L 07/08/2024 - 17:02:01: [navmesh.smx] Is mesh analyzed: 1
L 07/08/2024 - 17:02:01: [navmesh.smx] Nav version: 16; SubVersion: 1 (v10+); BSPSize: 326269520; MagicNumber: -17958194
L 07/08/2024 - 17:02:01: [navmesh.smx] Place count: 26
L 07/08/2024 - 17:02:01: [navmesh.smx] Has unnamed areas: true
L 07/08/2024 - 17:02:01: [navmesh.smx] Area count: 716
L 07/08/2024 - 17:02:01: [navmesh.smx] Parsed 716 areas in 0.016629 seconds.
L 07/08/2024 - 17:02:01: [navmesh.smx] Ladder count: 0
L 07/08/2024 - 17:02:01: [basecommands.smx] "Console<0><Console><Console>" changed cvar (cvar "bot_eco_limit") (value "3000")
L 07/08/2024 - 17:02:01: [basecommands.smx] "Console<0><Console><Console>" changed cvar (cvar "bot_chatter_use_rr") (value "0")
L 07/08/2024 - 17:02:01: [basecommands.smx] "Console<0><Console><Console>" changed cvar (cvar "bot_controllable") (value "0")
L 07/08/2024 - 17:11:01: SourceMod log file session started (file "e:\1\counter-strike global offensive\csgo\addons\sourcemod\logs\L20240708.log") (Version "1.11.0.6968")
L 07/08/2024 - 17:11:01: [GEOIP] GeoIP2 database loaded: GeoLite2-City (2019-12-17 20:01:26 UTC) (e:\1\counter-strike global offensive\csgo\addons\sourcemod\configs\geoip\GeoLite2-City.mmdb)
L 07/08/2024 - 17:11:01: [GEOIP] GeoIP2 supported languages: de en es fr ja pt-BR ru zh-CN
L 07/08/2024 - 17:11:01: [GEOIP] Your database is older than 90 days. You should consider downloading a newer version from e.g. https://dev.maxmind.com/geoip/geolite2-free-geolocation-data
L 07/08/2024 - 17:12:37: [navmesh.smx] Found .NAV file in maps\de_dust2.nav
L 07/08/2024 - 17:12:37: [navmesh.smx] Is mesh analyzed: 1
L 07/08/2024 - 17:12:37: [navmesh.smx] Nav version: 16; SubVersion: 1 (v10+); BSPSize: 326269520; MagicNumber: -17958194
L 07/08/2024 - 17:12:37: [navmesh.smx] Place count: 26
L 07/08/2024 - 17:12:37: [navmesh.smx] Has unnamed areas: true
L 07/08/2024 - 17:12:37: [navmesh.smx] Area count: 716
L 07/08/2024 - 17:12:37: [navmesh.smx] Parsed 716 areas in 0.015765 seconds.
L 07/08/2024 - 17:12:37: [navmesh.smx] Ladder count: 0
L 07/08/2024 - 17:12:41: [basecommands.smx] "Console<0><Console><Console>" changed cvar (cvar "bot_eco_limit") (value "3000")
L 07/08/2024 - 17:12:41: [basecommands.smx] "Console<0><Console><Console>" changed cvar (cvar "bot_chatter_use_rr") (value "0")
L 07/08/2024 - 17:12:41: [basecommands.smx] "Console<0><Console><Console>" changed cvar (cvar "bot_controllable") (value "0")
L 07/08/2024 - 17:31:24: Log file closed.
L 07/08/2024 - 17:38:28: SourceMod log file session started (file "e:\1\counter-strike global offensive\csgo\addons\sourcemod\logs\L20240708.log") (Version "1.11.0.6968")
L 07/08/2024 - 17:38:28: [GEOIP] GeoIP2 database loaded: GeoLite2-City (2019-12-17 20:01:26 UTC) (e:\1\counter-strike global offensive\csgo\addons\sourcemod\configs\geoip\GeoLite2-City.mmdb)
L 07/08/2024 - 17:38:28: [GEOIP] GeoIP2 supported languages: de en es fr ja pt-BR ru zh-CN
L 07/08/2024 - 17:38:28: [GEOIP] Your database is older than 90 days. You should consider downloading a newer version from e.g. https://dev.maxmind.com/geoip/geolite2-free-geolocation-data
L 07/08/2024 - 17:39:09: [navmesh.smx] Found .NAV file in maps\de_dust2.nav
L 07/08/2024 - 17:39:09: [navmesh.smx] Is mesh analyzed: 1
L 07/08/2024 - 17:39:09: [navmesh.smx] Nav version: 16; SubVersion: 1 (v10+); BSPSize: 326269520; MagicNumber: -17958194
L 07/08/2024 - 17:39:09: [navmesh.smx] Place count: 26
L 07/08/2024 - 17:39:09: [navmesh.smx] Has unnamed areas: true
L 07/08/2024 - 17:39:09: [navmesh.smx] Area count: 716
L 07/08/2024 - 17:39:09: [navmesh.smx] Parsed 716 areas in 0.017441 seconds.
L 07/08/2024 - 17:39:09: [navmesh.smx] Ladder count: 0
L 07/08/2024 - 17:39:09: [basecommands.smx] "Console<0><Console><Console>" changed cvar (cvar "bot_eco_limit") (value "3000")
L 07/08/2024 - 17:39:09: [basecommands.smx] "Console<0><Console><Console>" changed cvar (cvar "bot_chatter_use_rr") (value "0")
L 07/08/2024 - 17:39:09: [basecommands.smx] "Console<0><Console><Console>" changed cvar (cvar "bot_controllable") (value "0")
L 07/08/2024 - 18:08:50: [randomcycle.smx] RandomCycle has chosen ar_dizzy for the nextmap.
L 07/08/2024 - 18:09:33: -------- Mapchange to de_bank --------
L 07/08/2024 - 18:09:40: [navmesh.smx] Found .NAV file in maps\de_bank.nav
L 07/08/2024 - 18:09:40: [navmesh.smx] Is mesh analyzed: 1
L 07/08/2024 - 18:09:40: [navmesh.smx] Nav version: 16; SubVersion: 1 (v10+); BSPSize: 38073600; MagicNumber: -17958194
L 07/08/2024 - 18:09:40: [navmesh.smx] Place count: 12
L 07/08/2024 - 18:09:40: [navmesh.smx] Has unnamed areas: true
L 07/08/2024 - 18:09:40: [navmesh.smx] Area count: 1255
L 07/08/2024 - 18:09:40: [navmesh.smx] Parsed 1255 areas in 0.104367 seconds.
L 07/08/2024 - 18:09:40: [navmesh.smx] Ladder count: 7
L 07/08/2024 - 18:09:40: [navmesh.smx] Parsed 7 ladders in 0.000175 seconds.
L 07/08/2024 - 18:09:40: [basecommands.smx] "Console<0><Console><Console>" changed cvar (cvar "bot_eco_limit") (value "3000")
L 07/08/2024 - 18:09:40: [basecommands.smx] "Console<0><Console><Console>" changed cvar (cvar "bot_chatter_use_rr") (value "0")
L 07/08/2024 - 18:09:40: [basecommands.smx] "Console<0><Console><Console>" changed cvar (cvar "bot_controllable") (value "0")
L 07/08/2024 - 18:17:32: [randomcycle.smx] RandomCycle has chosen ar_baggage for the nextmap.
L 07/08/2024 - 18:17:56: -------- Mapchange to de_vertigo --------
L 07/08/2024 - 18:17:57: [navmesh.smx] Found .NAV file in maps\de_vertigo.nav
L 07/08/2024 - 18:17:57: [navmesh.smx] Is mesh analyzed: 1
L 07/08/2024 - 18:17:57: [navmesh.smx] Nav version: 16; SubVersion: 1 (v10+); BSPSize: 66527512; MagicNumber: -17958194
L 07/08/2024 - 18:17:57: [navmesh.smx] Place count: 23
L 07/08/2024 - 18:17:57: [navmesh.smx] Has unnamed areas: true
L 07/08/2024 - 18:17:57: [navmesh.smx] Area count: 610
L 07/08/2024 - 18:17:57: [navmesh.smx] Parsed 610 areas in 0.011978 seconds.
L 07/08/2024 - 18:17:57: [navmesh.smx] Ladder count: 1
L 07/08/2024 - 18:17:57: [navmesh.smx] Parsed 1 ladders in 0.000005 seconds.
L 07/08/2024 - 18:17:57: [basecommands.smx] "Console<0><Console><Console>" changed cvar (cvar "bot_eco_limit") (value "3000")
L 07/08/2024 - 18:17:57: [basecommands.smx] "Console<0><Console><Console>" changed cvar (cvar "bot_chatter_use_rr") (value "0")
L 07/08/2024 - 18:17:57: [basecommands.smx] "Console<0><Console><Console>" changed cvar (cvar "bot_controllable") (value "0")
L 07/08/2024 - 18:31:42: [randomcycle.smx] RandomCycle has chosen lobby_mapveto for the nextmap.
L 07/08/2024 - 18:32:14: -------- Mapchange to coop_mission_rage --------
L 07/08/2024 - 18:32:17: [navmesh.smx] Found .NAV file in maps\coop_mission_rage.nav
L 07/08/2024 - 18:32:17: [navmesh.smx] Is mesh analyzed: 1
L 07/08/2024 - 18:32:17: [navmesh.smx] Nav version: 16; SubVersion: 1 (v10+); BSPSize: 412021748; MagicNumber: -17958194
L 07/08/2024 - 18:32:17: [navmesh.smx] Place count: 0
L 07/08/2024 - 18:32:17: [navmesh.smx] Has unnamed areas: true
L 07/08/2024 - 18:32:17: [navmesh.smx] Area count: 20755
L 07/08/2024 - 18:32:19: [navmesh.smx] Parsed 20755 areas in 1.939098 seconds.
L 07/08/2024 - 18:32:22: [navmesh.smx] Ladder count: 0
L 07/08/2024 - 18:32:22: [basecommands.smx] "Console<0><Console><Console>" changed cvar (cvar "bot_eco_limit") (value "3000")
L 07/08/2024 - 18:32:22: [basecommands.smx] "Console<0><Console><Console>" changed cvar (cvar "bot_chatter_use_rr") (value "0")
L 07/08/2024 - 18:32:22: [basecommands.smx] "Console<0><Console><Console>" changed cvar (cvar "bot_controllable") (value "0")
L 07/08/2024 - 19:56:21: Log file closed.
L 07/08/2024 - 22:27:22: SourceMod log file session started (file "e:\1\counter-strike global offensive\csgo\addons\sourcemod\logs\L20240708.log") (Version "1.11.0.6968")
L 07/08/2024 - 22:27:22: [GEOIP] GeoIP2 database loaded: GeoLite2-City (2019-12-17 20:01:26 UTC) (e:\1\counter-strike global offensive\csgo\addons\sourcemod\configs\geoip\GeoLite2-City.mmdb)
L 07/08/2024 - 22:27:22: [GEOIP] GeoIP2 supported languages: de en es fr ja pt-BR ru zh-CN
L 07/08/2024 - 22:27:22: [GEOIP] Your database is older than 90 days. You should consider downloading a newer version from e.g. https://dev.maxmind.com/geoip/geolite2-free-geolocation-data
L 07/08/2024 - 22:28:01: [navmesh.smx] Found .NAV file in maps\de_dust2.nav
L 07/08/2024 - 22:28:01: [navmesh.smx] Is mesh analyzed: 1
L 07/08/2024 - 22:28:01: [navmesh.smx] Nav version: 16; SubVersion: 1 (v10+); BSPSize: 326269520; MagicNumber: -17958194
L 07/08/2024 - 22:28:01: [navmesh.smx] Place count: 26
L 07/08/2024 - 22:28:01: [navmesh.smx] Has unnamed areas: true
L 07/08/2024 - 22:28:01: [navmesh.smx] Area count: 716
L 07/08/2024 - 22:28:01: [navmesh.smx] Parsed 716 areas in 0.022136 seconds.
L 07/08/2024 - 22:28:01: [navmesh.smx] Ladder count: 0
L 07/08/2024 - 22:28:01: [basecommands.smx] "Console<0><Console><Console>" changed cvar (cvar "bot_eco_limit") (value "3000")
L 07/08/2024 - 22:28:01: [basecommands.smx] "Console<0><Console><Console>" changed cvar (cvar "bot_chatter_use_rr") (value "0")
L 07/08/2024 - 22:28:01: [basecommands.smx] "Console<0><Console><Console>" changed cvar (cvar "bot_controllable") (value "0")
L 07/08/2024 - 22:34:50: Log file closed.
